# JRE version: Java(TM) SE Runtime Environment (8.0_144-b01) (build 1.8.0_144-b01)
# Java VM: Java HotSpot(TM) 64-Bit Server VM (25.144-b01 mixed mode linux-amd64 compressed oops)
Heap:
 PSYoungGen      total 57856K, used 36466K [0x00000000d6e00000, 0x00000000db600000, 0x0000000100000000)
  eden space 52736K, 59% used [0x00000000d6e00000,0x00000000d8c9ed00,0x00000000da180000)
  from space 5120K, 99% used [0x00000000db100000,0x00000000db5fde28,0x00000000db600000)
  to   space 5120K, 0% used [0x00000000dac00000,0x00000000dac00000,0x00000000db100000)
 ParOldGen       total 51200K, used 8114K [0x0000000084a00000, 0x0000000087c00000, 0x00000000d6e00000)
  object space 51200K, 15% used [0x0000000084a00000,0x00000000851ec858,0x0000000087c00000)
 Metaspace       used 30732K, capacity 31274K, committed 31488K, reserved 1077248K
  class space    used 3955K, capacity 4086K, committed 4096K, reserved 1048576K
GC Heap History (10 events):
Event: 2.498 GC heap before
{Heap before GC invocations=1 (full 0):
 PSYoungGen      total 36864K, used 31744K [0x00000000d6e00000, 0x00000000d9700000, 0x0000000100000000)
  eden space 31744K, 100% used [0x00000000d6e00000,0x00000000d8d00000,0x00000000d8d00000)
  from space 5120K, 0% used [0x00000000d9200000,0x00000000d9200000,0x00000000d9700000)
  to   space 5120K, 0% used [0x00000000d8d00000,0x00000000d8d00000,0x00000000d9200000)
 ParOldGen       total 84992K, used 0K [0x0000000084a00000, 0x0000000089d00000, 0x00000000d6e00000)
  object space 84992K, 0% used [0x0000000084a00000,0x0000000084a00000,0x0000000089d00000)
 Metaspace       used 15198K, capacity 15422K, committed 15616K, reserved 1062912K
  class space    used 1694K, capacity 1765K, committed 1792K, reserved 1048576K
Event: 2.508 GC heap after
Heap after GC invocations=1 (full 0):
 PSYoungGen      total 36864K, used 5091K [0x00000000d6e00000, 0x00000000d9700000, 0x0000000100000000)
  eden space 31744K, 0% used [0x00000000d6e00000,0x00000000d6e00000,0x00000000d8d00000)
  from space 5120K, 99% used [0x00000000d8d00000,0x00000000d91f8ce8,0x00000000d9200000)
  to   space 5120K, 0% used [0x00000000d9200000,0x00000000d9200000,0x00000000d9700000)
 ParOldGen       total 84992K, used 2067K [0x0000000084a00000, 0x0000000089d00000, 0x00000000d6e00000)
  object space 84992K, 2% used [0x0000000084a00000,0x0000000084c04e78,0x0000000089d00000)
 Metaspace       used 15198K, capacity 15422K, committed 15616K, reserved 1062912K
  class space    used 1694K, capacity 1765K, committed 1792K, reserved 1048576K
}
Event: 3.625 GC heap before
{Heap before GC invocations=2 (full 0):
 PSYoungGen      total 36864K, used 36835K [0x00000000d6e00000, 0x00000000d9700000, 0x0000000100000000)
  eden space 31744K, 100% used [0x00000000d6e00000,0x00000000d8d00000,0x00000000d8d00000)
  from space 5120K, 99% used [0x00000000d8d00000,0x00000000d91f8ce8,0x00000000d9200000)
  to   space 5120K, 0% used [0x00000000d9200000,0x00000000d9200000,0x00000000d9700000)
 ParOldGen       total 84992K, used 2067K [0x0000000084a00000, 0x0000000089d00000, 0x00000000d6e00000)
  object space 84992K, 2% used [0x0000000084a00000,0x0000000084c04e78,0x0000000089d00000)
 Metaspace       used 19292K, capacity 19660K, committed 19840K, reserved 1067008K
  class space    used 2303K, capacity 2413K, committed 2432K, reserved 1048576K
Event: 3.640 GC heap after
Heap after GC invocations=2 (full 0):
 PSYoungGen      total 36864K, used 5092K [0x00000000d6e00000, 0x00000000d9700000, 0x0000000100000000)
  eden space 31744K, 0% used [0x00000000d6e00000,0x00000000d6e00000,0x00000000d8d00000)
  from space 5120K, 99% used [0x00000000d9200000,0x00000000d96f9168,0x00000000d9700000)
  to   space 5120K, 0% used [0x00000000d8d00000,0x00000000d8d00000,0x00000000d9200000)
 ParOldGen       total 84992K, used 4430K [0x0000000084a00000, 0x0000000089d00000, 0x00000000d6e00000)
  object space 84992K, 5% used [0x0000000084a00000,0x0000000084e539e0,0x0000000089d00000)
 Metaspace       used 19292K, capacity 19660K, committed 19840K, reserved 1067008K
  class space    used 2303K, capacity 2413K, committed 2432K, reserved 1048576K
}
Event: 3.758 GC heap before
{Heap before GC invocations=3 (full 0):
 PSYoungGen      total 36864K, used 8823K [0x00000000d6e00000, 0x00000000d9700000, 0x0000000100000000)
  eden space 31744K, 11% used [0x00000000d6e00000,0x00000000d71a4ce0,0x00000000d8d00000)
  from space 5120K, 99% used [0x00000000d9200000,0x00000000d96f9168,0x00000000d9700000)
  to   space 5120K, 0% used [0x00000000d8d00000,0x00000000d8d00000,0x00000000d9200000)
 ParOldGen       total 84992K, used 4430K [0x0000000084a00000, 0x0000000089d00000, 0x00000000d6e00000)
  object space 84992K, 5% used [0x0000000084a00000,0x0000000084e539e0,0x0000000089d00000)
 Metaspace       used 20772K, capacity 21132K, committed 21296K, reserved 1069056K
  class space    used 2489K, capacity 2605K, committed 2688K, reserved 1048576K
Event: 3.767 GC heap after
Heap after GC invocations=3 (full 0):
 PSYoungGen      total 36864K, used 5092K [0x00000000d6e00000, 0x00000000db600000, 0x0000000100000000)
  eden space 31744K, 0% used [0x00000000d6e00000,0x00000000d6e00000,0x00000000d8d00000)
  from space 5120K, 99% used [0x00000000d8d00000,0x00000000d91f9168,0x00000000d9200000)
  to   space 5120K, 0% used [0x00000000db100000,0x00000000db100000,0x00000000db600000)
 ParOldGen       total 84992K, used 5199K [0x0000000084a00000, 0x0000000089d00000, 0x00000000d6e00000)
  object space 84992K, 6% used [0x0000000084a00000,0x0000000084f13fc0,0x0000000089d00000)
 Metaspace       used 20772K, capacity 21132K, committed 21296K, reserved 1069056K
  class space    used 2489K, capacity 2605K, committed 2688K, reserved 1048576K
}
Event: 3.767 GC heap before
{Heap before GC invocations=4 (full 1):
 PSYoungGen      total 36864K, used 5092K [0x00000000d6e00000, 0x00000000db600000, 0x0000000100000000)
  eden space 31744K, 0% used [0x00000000d6e00000,0x00000000d6e00000,0x00000000d8d00000)
  from space 5120K, 99% used [0x00000000d8d00000,0x00000000d91f9168,0x00000000d9200000)
  to   space 5120K, 0% used [0x00000000db100000,0x00000000db100000,0x00000000db600000)
 ParOldGen       total 84992K, used 5199K [0x0000000084a00000, 0x0000000089d00000, 0x00000000d6e00000)
  object space 84992K, 6% used [0x0000000084a00000,0x0000000084f13fc0,0x0000000089d00000)
 Metaspace       used 20772K, capacity 21132K, committed 21296K, reserved 1069056K
  class space    used 2489K, capacity 2605K, committed 2688K, reserved 1048576K
Event: 3.812 GC heap after
Heap after GC invocations=4 (full 1):
 PSYoungGen      total 36864K, used 0K [0x00000000d6e00000, 0x00000000db600000, 0x0000000100000000)
  eden space 31744K, 0% used [0x00000000d6e00000,0x00000000d6e00000,0x00000000d8d00000)
  from space 5120K, 0% used [0x00000000d8d00000,0x00000000d8d00000,0x00000000d9200000)
  to   space 5120K, 0% used [0x00000000db100000,0x00000000db100000,0x00000000db600000)
 ParOldGen       total 51200K, used 6529K [0x0000000084a00000, 0x0000000087c00000, 0x00000000d6e00000)
  object space 51200K, 12% used [0x0000000084a00000,0x0000000085060680,0x0000000087c00000)
 Metaspace       used 20772K, capacity 21132K, committed 21296K, reserved 1069056K
  class space    used 2489K, capacity 2605K, committed 2688K, reserved 1048576K
}
Event: 5.133 GC heap before
{Heap before GC invocations=5 (full 1):
 PSYoungGen      total 36864K, used 31714K [0x00000000d6e00000, 0x00000000db600000, 0x0000000100000000)
  eden space 31744K, 99% used [0x00000000d6e00000,0x00000000d8cf8b10,0x00000000d8d00000)
  from space 5120K, 0% used [0x00000000d8d00000,0x00000000d8d00000,0x00000000d9200000)
  to   space 5120K, 0% used [0x00000000db100000,0x00000000db100000,0x00000000db600000)
 ParOldGen       total 51200K, used 6529K [0x0000000084a00000, 0x0000000087c00000, 0x00000000d6e00000)
  object space 51200K, 12% used [0x0000000084a00000,0x0000000085060680,0x0000000087c00000)
 Metaspace       used 28459K, capacity 28976K, committed 29184K, reserved 1075200K
  class space    used 3690K, capacity 3819K, committed 3840K, reserved 1048576K
Event: 5.146 GC heap after
Heap after GC invocations=5 (full 1):
 PSYoungGen      total 57856K, used 5111K [0x00000000d6e00000, 0x00000000db600000, 0x0000000100000000)
  eden space 52736K, 0% used [0x00000000d6e00000,0x00000000d6e00000,0x00000000da180000)
  from space 5120K, 99% used [0x00000000db100000,0x00000000db5fde28,0x00000000db600000)
  to   space 5120K, 0% used [0x00000000dac00000,0x00000000dac00000,0x00000000db100000)
 ParOldGen       total 51200K, used 8114K [0x0000000084a00000, 0x0000000087c00000, 0x00000000d6e00000)
  object space 51200K, 15% used [0x0000000084a00000,0x00000000851ec858,0x0000000087c00000)
 Metaspace       used 28459K, capacity 28976K, committed 29184K, reserved 1075200K
  class space    used 3690K, capacity 3819K, committed 3840K, reserved 1048576K
}

